[12/04/2021] 1.0
 - Initial release

[23/04/2021] 1.1
 - Added Font reading
 - Added Image Viewer(double click)
 - Added Font Viewer(double click)
 - Added optional manual reference loading(double click)
 - Added cascading reference loading(loads references of references)

[27/04/2021] 1.2
 - Added Elements
 - Added Element Settings
 - Additional debug flags

[15/05/2021] 1.3
 - Added Replacement Color-corrections
 
[16/06/2021] 1.4
 - Fixed bug causing new FUIs to not load
 
[04/07/2021] 1.5
 - Introduced new Image naming system[incomplete]
 
[06/07/2021] 1.6
 - Program now checks with an online copy of the database to automatically update it.
 - Added Japanese translations
 
[07/07/2021] 1.7
 - Fixed bug where Databse would need updated every time program starts
 
[07/07/2021] 1.8
 - Added Portable version of app